# --------------------------------------------------- // System
pipewire
pipewire-alsa
pipewire-audio
pipewire-jack
pipewire-pulse
gst-plugin-pipewire
wireplumber
pavucontrol
pamixer
networkmanager
network-manager-applet
bluez
bluez-utils
blueman
brightnessctl
playerctl
udiskie
# --------------------------------------------------- // Display Manager
sddm
qt5-quickcontrols
qt5-quickcontrols2
qt5-graphicaleffects
# --------------------------------------------------- // Window Manager
hyprland
rofi-wayland
waybar
hyprlock
hypridle
hyprshot
swaync
hyprpicker
cliphist
wl-clipboard
hyprsunset
# --------------------------------------------------- // Dependencies
polkit-gnome
hyprpolkitagent
xdg-desktop-portal-hyprland
xdg-desktop-portal-gtk
xdg-user-dirs
pacman-contrib
parallel
imagemagick
qt5-imageformats
ffmpegthumbs
kde-cli-tools
libnotify
noto-fonts-emoji
# --------------------------------------------------- // Theming
nwg-look
qt5ct
qt6ct
qt5-wayland
qt6-wayland
# --------------------------------------------------- // Applications
kitty
dolphin
ark
unzip
neovim
kate
nwg-displays
fzf
